<?xml version="1.0" encoding="UTF-8"?>
<testng-results skipped="0" failed="0" ignored="0" total="1" passed="1">
  <reporter-output>
  </reporter-output>
  <suite name="Suite" duration-ms="82" started-at="2021-11-05T14:01:53 UTC" finished-at="2021-11-05T14:01:53 UTC">
    <groups>
    </groups>
    <test name="Test" duration-ms="82" started-at="2021-11-05T14:01:53 UTC" finished-at="2021-11-05T14:01:53 UTC">
      <class name="crossBrowserTest.crossBrowser">
        <test-method status="PASS" signature="beforeClass()[pri:0, instance:crossBrowserTest.crossBrowser@7d907bac]" name="beforeClass" is-config="true" duration-ms="24" started-at="2021-11-05T14:01:53 UTC" finished-at="2021-11-05T14:01:53 UTC">
          <reporter-output>
          </reporter-output>
        </test-method> <!-- beforeClass -->
        <test-method status="PASS" signature="f()[pri:0, instance:crossBrowserTest.crossBrowser@7d907bac]" name="f" duration-ms="7" started-at="2021-11-05T14:01:53 UTC" finished-at="2021-11-05T14:01:53 UTC">
          <reporter-output>
          </reporter-output>
        </test-method> <!-- f -->
        <test-method status="PASS" signature="afterClass()[pri:0, instance:crossBrowserTest.crossBrowser@7d907bac]" name="afterClass" is-config="true" duration-ms="0" started-at="2021-11-05T14:01:53 UTC" finished-at="2021-11-05T14:01:53 UTC">
          <reporter-output>
          </reporter-output>
        </test-method> <!-- afterClass -->
      </class> <!-- crossBrowserTest.crossBrowser -->
    </test> <!-- Test -->
  </suite> <!-- Suite -->
</testng-results>
